Start testing: Oct 15 17:36 EDT
----------------------------------------------------------
1/31 Testing: BraviaCommands.powerOn
1/31 Test: BraviaCommands.powerOn
Command: "/Users/mreff555/src/BraviaIpCtrl/Bravia IP Control/build/braviaCommands_test" "--gtest_filter=BraviaCommands.powerOn" "--gtest_also_run_disabled_tests"
Directory: /Users/mreff555/src/BraviaIpCtrl/Bravia IP Control/build
"BraviaCommands.powerOn" start time: Oct 15 17:36 EDT
Output:
----------------------------------------------------------
Running main() from /Users/mreff555/src/BraviaIpCtrl/Bravia IP Control/build/_deps/googletest-src/googletest/src/gtest_main.cc
Note: Google Test filter = BraviaCommands.powerOn
[==========] Running 1 test from 1 test suite.
[----------] Global test environment set-up.
[----------] 1 test from BraviaCommands
[ RUN      ] BraviaCommands.powerOn
[       OK ] BraviaCommands.powerOn (0 ms)
[----------] 1 test from BraviaCommands (0 ms total)

[----------] Global test environment tear-down
[==========] 1 test from 1 test suite ran. (0 ms total)
[  PASSED  ] 1 test.
<end of output>
Test time =   0.01 sec
----------------------------------------------------------
Test Passed.
"BraviaCommands.powerOn" end time: Oct 15 17:36 EDT
"BraviaCommands.powerOn" time elapsed: 00:00:00
----------------------------------------------------------

2/31 Testing: BraviaCommands.powerOff
2/31 Test: BraviaCommands.powerOff
Command: "/Users/mreff555/src/BraviaIpCtrl/Bravia IP Control/build/braviaCommands_test" "--gtest_filter=BraviaCommands.powerOff" "--gtest_also_run_disabled_tests"
Directory: /Users/mreff555/src/BraviaIpCtrl/Bravia IP Control/build
"BraviaCommands.powerOff" start time: Oct 15 17:36 EDT
Output:
----------------------------------------------------------
Running main() from /Users/mreff555/src/BraviaIpCtrl/Bravia IP Control/build/_deps/googletest-src/googletest/src/gtest_main.cc
Note: Google Test filter = BraviaCommands.powerOff
[==========] Running 1 test from 1 test suite.
[----------] Global test environment set-up.
[----------] 1 test from BraviaCommands
[ RUN      ] BraviaCommands.powerOff
[       OK ] BraviaCommands.powerOff (0 ms)
[----------] 1 test from BraviaCommands (0 ms total)

[----------] Global test environment tear-down
[==========] 1 test from 1 test suite ran. (0 ms total)
[  PASSED  ] 1 test.
<end of output>
Test time =   0.00 sec
----------------------------------------------------------
Test Passed.
"BraviaCommands.powerOff" end time: Oct 15 17:36 EDT
"BraviaCommands.powerOff" time elapsed: 00:00:00
----------------------------------------------------------

3/31 Testing: BraviaCommands.powerStatus
3/31 Test: BraviaCommands.powerStatus
Command: "/Users/mreff555/src/BraviaIpCtrl/Bravia IP Control/build/braviaCommands_test" "--gtest_filter=BraviaCommands.powerStatus" "--gtest_also_run_disabled_tests"
Directory: /Users/mreff555/src/BraviaIpCtrl/Bravia IP Control/build
"BraviaCommands.powerStatus" start time: Oct 15 17:36 EDT
Output:
----------------------------------------------------------
Running main() from /Users/mreff555/src/BraviaIpCtrl/Bravia IP Control/build/_deps/googletest-src/googletest/src/gtest_main.cc
Note: Google Test filter = BraviaCommands.powerStatus
[==========] Running 1 test from 1 test suite.
[----------] Global test environment set-up.
[----------] 1 test from BraviaCommands
[ RUN      ] BraviaCommands.powerStatus
[       OK ] BraviaCommands.powerStatus (0 ms)
[----------] 1 test from BraviaCommands (0 ms total)

[----------] Global test environment tear-down
[==========] 1 test from 1 test suite ran. (0 ms total)
[  PASSED  ] 1 test.
<end of output>
Test time =   0.00 sec
----------------------------------------------------------
Test Passed.
"BraviaCommands.powerStatus" end time: Oct 15 17:36 EDT
"BraviaCommands.powerStatus" time elapsed: 00:00:00
----------------------------------------------------------

4/31 Testing: BraviaCommands.setVolume
4/31 Test: BraviaCommands.setVolume
Command: "/Users/mreff555/src/BraviaIpCtrl/Bravia IP Control/build/braviaCommands_test" "--gtest_filter=BraviaCommands.setVolume" "--gtest_also_run_disabled_tests"
Directory: /Users/mreff555/src/BraviaIpCtrl/Bravia IP Control/build
"BraviaCommands.setVolume" start time: Oct 15 17:36 EDT
Output:
----------------------------------------------------------
Running main() from /Users/mreff555/src/BraviaIpCtrl/Bravia IP Control/build/_deps/googletest-src/googletest/src/gtest_main.cc
Note: Google Test filter = BraviaCommands.setVolume
[==========] Running 1 test from 1 test suite.
[----------] Global test environment set-up.
[----------] 1 test from BraviaCommands
[ RUN      ] BraviaCommands.setVolume
[       OK ] BraviaCommands.setVolume (0 ms)
[----------] 1 test from BraviaCommands (0 ms total)

[----------] Global test environment tear-down
[==========] 1 test from 1 test suite ran. (0 ms total)
[  PASSED  ] 1 test.
<end of output>
Test time =   0.01 sec
----------------------------------------------------------
Test Passed.
"BraviaCommands.setVolume" end time: Oct 15 17:36 EDT
"BraviaCommands.setVolume" time elapsed: 00:00:00
----------------------------------------------------------

5/31 Testing: BraviaCommands.getVolume
5/31 Test: BraviaCommands.getVolume
Command: "/Users/mreff555/src/BraviaIpCtrl/Bravia IP Control/build/braviaCommands_test" "--gtest_filter=BraviaCommands.getVolume" "--gtest_also_run_disabled_tests"
Directory: /Users/mreff555/src/BraviaIpCtrl/Bravia IP Control/build
"BraviaCommands.getVolume" start time: Oct 15 17:36 EDT
Output:
----------------------------------------------------------
Running main() from /Users/mreff555/src/BraviaIpCtrl/Bravia IP Control/build/_deps/googletest-src/googletest/src/gtest_main.cc
Note: Google Test filter = BraviaCommands.getVolume
[==========] Running 1 test from 1 test suite.
[----------] Global test environment set-up.
[----------] 1 test from BraviaCommands
[ RUN      ] BraviaCommands.getVolume
[       OK ] BraviaCommands.getVolume (0 ms)
[----------] 1 test from BraviaCommands (0 ms total)

[----------] Global test environment tear-down
[==========] 1 test from 1 test suite ran. (0 ms total)
[  PASSED  ] 1 test.
<end of output>
Test time =   0.00 sec
----------------------------------------------------------
Test Passed.
"BraviaCommands.getVolume" end time: Oct 15 17:36 EDT
"BraviaCommands.getVolume" time elapsed: 00:00:00
----------------------------------------------------------

6/31 Testing: BraviaCommands.setInput
6/31 Test: BraviaCommands.setInput
Command: "/Users/mreff555/src/BraviaIpCtrl/Bravia IP Control/build/braviaCommands_test" "--gtest_filter=BraviaCommands.setInput" "--gtest_also_run_disabled_tests"
Directory: /Users/mreff555/src/BraviaIpCtrl/Bravia IP Control/build
"BraviaCommands.setInput" start time: Oct 15 17:36 EDT
Output:
----------------------------------------------------------
Running main() from /Users/mreff555/src/BraviaIpCtrl/Bravia IP Control/build/_deps/googletest-src/googletest/src/gtest_main.cc
Note: Google Test filter = BraviaCommands.setInput
[==========] Running 1 test from 1 test suite.
[----------] Global test environment set-up.
[----------] 1 test from BraviaCommands
[ RUN      ] BraviaCommands.setInput
[       OK ] BraviaCommands.setInput (0 ms)
[----------] 1 test from BraviaCommands (0 ms total)

[----------] Global test environment tear-down
[==========] 1 test from 1 test suite ran. (0 ms total)
[  PASSED  ] 1 test.
<end of output>
Test time =   0.00 sec
----------------------------------------------------------
Test Passed.
"BraviaCommands.setInput" end time: Oct 15 17:36 EDT
"BraviaCommands.setInput" time elapsed: 00:00:00
----------------------------------------------------------

7/31 Testing: BraviaCommands.getInput
7/31 Test: BraviaCommands.getInput
Command: "/Users/mreff555/src/BraviaIpCtrl/Bravia IP Control/build/braviaCommands_test" "--gtest_filter=BraviaCommands.getInput" "--gtest_also_run_disabled_tests"
Directory: /Users/mreff555/src/BraviaIpCtrl/Bravia IP Control/build
"BraviaCommands.getInput" start time: Oct 15 17:36 EDT
Output:
----------------------------------------------------------
Running main() from /Users/mreff555/src/BraviaIpCtrl/Bravia IP Control/build/_deps/googletest-src/googletest/src/gtest_main.cc
Note: Google Test filter = BraviaCommands.getInput
[==========] Running 1 test from 1 test suite.
[----------] Global test environment set-up.
[----------] 1 test from BraviaCommands
[ RUN      ] BraviaCommands.getInput
[       OK ] BraviaCommands.getInput (0 ms)
[----------] 1 test from BraviaCommands (0 ms total)

[----------] Global test environment tear-down
[==========] 1 test from 1 test suite ran. (0 ms total)
[  PASSED  ] 1 test.
<end of output>
Test time =   0.00 sec
----------------------------------------------------------
Test Passed.
"BraviaCommands.getInput" end time: Oct 15 17:36 EDT
"BraviaCommands.getInput" time elapsed: 00:00:00
----------------------------------------------------------

8/31 Testing: BraviaCommands.waittest
8/31 Test: BraviaCommands.waittest
Command: "/Users/mreff555/src/BraviaIpCtrl/Bravia IP Control/build/braviaCommands_test" "--gtest_filter=BraviaCommands.waittest" "--gtest_also_run_disabled_tests"
Directory: /Users/mreff555/src/BraviaIpCtrl/Bravia IP Control/build
"BraviaCommands.waittest" start time: Oct 15 17:36 EDT
Output:
----------------------------------------------------------
Running main() from /Users/mreff555/src/BraviaIpCtrl/Bravia IP Control/build/_deps/googletest-src/googletest/src/gtest_main.cc
Note: Google Test filter = BraviaCommands.waittest
[==========] Running 1 test from 1 test suite.
[----------] Global test environment set-up.
[----------] 1 test from BraviaCommands
[ RUN      ] BraviaCommands.waittest
[       OK ] BraviaCommands.waittest (0 ms)
[----------] 1 test from BraviaCommands (0 ms total)

[----------] Global test environment tear-down
[==========] 1 test from 1 test suite ran. (0 ms total)
[  PASSED  ] 1 test.
<end of output>
Test time =   0.01 sec
----------------------------------------------------------
Test Passed.
"BraviaCommands.waittest" end time: Oct 15 17:36 EDT
"BraviaCommands.waittest" time elapsed: 00:00:00
----------------------------------------------------------

9/31 Testing: BraviaCommands.display
9/31 Test: BraviaCommands.display
Command: "/Users/mreff555/src/BraviaIpCtrl/Bravia IP Control/build/braviaCommands_test" "--gtest_filter=BraviaCommands.display" "--gtest_also_run_disabled_tests"
Directory: /Users/mreff555/src/BraviaIpCtrl/Bravia IP Control/build
"BraviaCommands.display" start time: Oct 15 17:36 EDT
Output:
----------------------------------------------------------
Running main() from /Users/mreff555/src/BraviaIpCtrl/Bravia IP Control/build/_deps/googletest-src/googletest/src/gtest_main.cc
Note: Google Test filter = BraviaCommands.display
[==========] Running 1 test from 1 test suite.
[----------] Global test environment set-up.
[----------] 1 test from BraviaCommands
[ RUN      ] BraviaCommands.display
[       OK ] BraviaCommands.display (0 ms)
[----------] 1 test from BraviaCommands (0 ms total)

[----------] Global test environment tear-down
[==========] 1 test from 1 test suite ran. (0 ms total)
[  PASSED  ] 1 test.
<end of output>
Test time =   0.01 sec
----------------------------------------------------------
Test Passed.
"BraviaCommands.display" end time: Oct 15 17:36 EDT
"BraviaCommands.display" time elapsed: 00:00:00
----------------------------------------------------------

10/31 Testing: BraviaCommands.home
10/31 Test: BraviaCommands.home
Command: "/Users/mreff555/src/BraviaIpCtrl/Bravia IP Control/build/braviaCommands_test" "--gtest_filter=BraviaCommands.home" "--gtest_also_run_disabled_tests"
Directory: /Users/mreff555/src/BraviaIpCtrl/Bravia IP Control/build
"BraviaCommands.home" start time: Oct 15 17:36 EDT
Output:
----------------------------------------------------------
Running main() from /Users/mreff555/src/BraviaIpCtrl/Bravia IP Control/build/_deps/googletest-src/googletest/src/gtest_main.cc
Note: Google Test filter = BraviaCommands.home
[==========] Running 1 test from 1 test suite.
[----------] Global test environment set-up.
[----------] 1 test from BraviaCommands
[ RUN      ] BraviaCommands.home
[       OK ] BraviaCommands.home (0 ms)
[----------] 1 test from BraviaCommands (0 ms total)

[----------] Global test environment tear-down
[==========] 1 test from 1 test suite ran. (0 ms total)
[  PASSED  ] 1 test.
<end of output>
Test time =   0.00 sec
----------------------------------------------------------
Test Passed.
"BraviaCommands.home" end time: Oct 15 17:36 EDT
"BraviaCommands.home" time elapsed: 00:00:00
----------------------------------------------------------

11/31 Testing: BraviaCommands.up
11/31 Test: BraviaCommands.up
Command: "/Users/mreff555/src/BraviaIpCtrl/Bravia IP Control/build/braviaCommands_test" "--gtest_filter=BraviaCommands.up" "--gtest_also_run_disabled_tests"
Directory: /Users/mreff555/src/BraviaIpCtrl/Bravia IP Control/build
"BraviaCommands.up" start time: Oct 15 17:36 EDT
Output:
----------------------------------------------------------
Running main() from /Users/mreff555/src/BraviaIpCtrl/Bravia IP Control/build/_deps/googletest-src/googletest/src/gtest_main.cc
Note: Google Test filter = BraviaCommands.up
[==========] Running 1 test from 1 test suite.
[----------] Global test environment set-up.
[----------] 1 test from BraviaCommands
[ RUN      ] BraviaCommands.up
[       OK ] BraviaCommands.up (0 ms)
[----------] 1 test from BraviaCommands (0 ms total)

[----------] Global test environment tear-down
[==========] 1 test from 1 test suite ran. (0 ms total)
[  PASSED  ] 1 test.
<end of output>
Test time =   0.00 sec
----------------------------------------------------------
Test Passed.
"BraviaCommands.up" end time: Oct 15 17:36 EDT
"BraviaCommands.up" time elapsed: 00:00:00
----------------------------------------------------------

12/31 Testing: BraviaCommands.down
12/31 Test: BraviaCommands.down
Command: "/Users/mreff555/src/BraviaIpCtrl/Bravia IP Control/build/braviaCommands_test" "--gtest_filter=BraviaCommands.down" "--gtest_also_run_disabled_tests"
Directory: /Users/mreff555/src/BraviaIpCtrl/Bravia IP Control/build
"BraviaCommands.down" start time: Oct 15 17:36 EDT
Output:
----------------------------------------------------------
Running main() from /Users/mreff555/src/BraviaIpCtrl/Bravia IP Control/build/_deps/googletest-src/googletest/src/gtest_main.cc
Note: Google Test filter = BraviaCommands.down
[==========] Running 1 test from 1 test suite.
[----------] Global test environment set-up.
[----------] 1 test from BraviaCommands
[ RUN      ] BraviaCommands.down
[       OK ] BraviaCommands.down (0 ms)
[----------] 1 test from BraviaCommands (0 ms total)

[----------] Global test environment tear-down
[==========] 1 test from 1 test suite ran. (0 ms total)
[  PASSED  ] 1 test.
<end of output>
Test time =   0.01 sec
----------------------------------------------------------
Test Passed.
"BraviaCommands.down" end time: Oct 15 17:36 EDT
"BraviaCommands.down" time elapsed: 00:00:00
----------------------------------------------------------

13/31 Testing: BraviaCommands.left
13/31 Test: BraviaCommands.left
Command: "/Users/mreff555/src/BraviaIpCtrl/Bravia IP Control/build/braviaCommands_test" "--gtest_filter=BraviaCommands.left" "--gtest_also_run_disabled_tests"
Directory: /Users/mreff555/src/BraviaIpCtrl/Bravia IP Control/build
"BraviaCommands.left" start time: Oct 15 17:36 EDT
Output:
----------------------------------------------------------
Running main() from /Users/mreff555/src/BraviaIpCtrl/Bravia IP Control/build/_deps/googletest-src/googletest/src/gtest_main.cc
Note: Google Test filter = BraviaCommands.left
[==========] Running 1 test from 1 test suite.
[----------] Global test environment set-up.
[----------] 1 test from BraviaCommands
[ RUN      ] BraviaCommands.left
[       OK ] BraviaCommands.left (0 ms)
[----------] 1 test from BraviaCommands (0 ms total)

[----------] Global test environment tear-down
[==========] 1 test from 1 test suite ran. (0 ms total)
[  PASSED  ] 1 test.
<end of output>
Test time =   0.01 sec
----------------------------------------------------------
Test Passed.
"BraviaCommands.left" end time: Oct 15 17:36 EDT
"BraviaCommands.left" time elapsed: 00:00:00
----------------------------------------------------------

14/31 Testing: BraviaCommands.right
14/31 Test: BraviaCommands.right
Command: "/Users/mreff555/src/BraviaIpCtrl/Bravia IP Control/build/braviaCommands_test" "--gtest_filter=BraviaCommands.right" "--gtest_also_run_disabled_tests"
Directory: /Users/mreff555/src/BraviaIpCtrl/Bravia IP Control/build
"BraviaCommands.right" start time: Oct 15 17:36 EDT
Output:
----------------------------------------------------------
Running main() from /Users/mreff555/src/BraviaIpCtrl/Bravia IP Control/build/_deps/googletest-src/googletest/src/gtest_main.cc
Note: Google Test filter = BraviaCommands.right
[==========] Running 1 test from 1 test suite.
[----------] Global test environment set-up.
[----------] 1 test from BraviaCommands
[ RUN      ] BraviaCommands.right
[       OK ] BraviaCommands.right (0 ms)
[----------] 1 test from BraviaCommands (0 ms total)

[----------] Global test environment tear-down
[==========] 1 test from 1 test suite ran. (0 ms total)
[  PASSED  ] 1 test.
<end of output>
Test time =   0.00 sec
----------------------------------------------------------
Test Passed.
"BraviaCommands.right" end time: Oct 15 17:36 EDT
"BraviaCommands.right" time elapsed: 00:00:00
----------------------------------------------------------

15/31 Testing: BraviaCommands.confirm
15/31 Test: BraviaCommands.confirm
Command: "/Users/mreff555/src/BraviaIpCtrl/Bravia IP Control/build/braviaCommands_test" "--gtest_filter=BraviaCommands.confirm" "--gtest_also_run_disabled_tests"
Directory: /Users/mreff555/src/BraviaIpCtrl/Bravia IP Control/build
"BraviaCommands.confirm" start time: Oct 15 17:36 EDT
Output:
----------------------------------------------------------
Running main() from /Users/mreff555/src/BraviaIpCtrl/Bravia IP Control/build/_deps/googletest-src/googletest/src/gtest_main.cc
Note: Google Test filter = BraviaCommands.confirm
[==========] Running 1 test from 1 test suite.
[----------] Global test environment set-up.
[----------] 1 test from BraviaCommands
[ RUN      ] BraviaCommands.confirm
[       OK ] BraviaCommands.confirm (0 ms)
[----------] 1 test from BraviaCommands (0 ms total)

[----------] Global test environment tear-down
[==========] 1 test from 1 test suite ran. (0 ms total)
[  PASSED  ] 1 test.
<end of output>
Test time =   0.00 sec
----------------------------------------------------------
Test Passed.
"BraviaCommands.confirm" end time: Oct 15 17:36 EDT
"BraviaCommands.confirm" time elapsed: 00:00:00
----------------------------------------------------------

16/31 Testing: BraviaCommands.num1
16/31 Test: BraviaCommands.num1
Command: "/Users/mreff555/src/BraviaIpCtrl/Bravia IP Control/build/braviaCommands_test" "--gtest_filter=BraviaCommands.num1" "--gtest_also_run_disabled_tests"
Directory: /Users/mreff555/src/BraviaIpCtrl/Bravia IP Control/build
"BraviaCommands.num1" start time: Oct 15 17:36 EDT
Output:
----------------------------------------------------------
Running main() from /Users/mreff555/src/BraviaIpCtrl/Bravia IP Control/build/_deps/googletest-src/googletest/src/gtest_main.cc
Note: Google Test filter = BraviaCommands.num1
[==========] Running 1 test from 1 test suite.
[----------] Global test environment set-up.
[----------] 1 test from BraviaCommands
[ RUN      ] BraviaCommands.num1
[       OK ] BraviaCommands.num1 (0 ms)
[----------] 1 test from BraviaCommands (0 ms total)

[----------] Global test environment tear-down
[==========] 1 test from 1 test suite ran. (0 ms total)
[  PASSED  ] 1 test.
<end of output>
Test time =   0.00 sec
----------------------------------------------------------
Test Passed.
"BraviaCommands.num1" end time: Oct 15 17:36 EDT
"BraviaCommands.num1" time elapsed: 00:00:00
----------------------------------------------------------

17/31 Testing: BraviaCommands.num2
17/31 Test: BraviaCommands.num2
Command: "/Users/mreff555/src/BraviaIpCtrl/Bravia IP Control/build/braviaCommands_test" "--gtest_filter=BraviaCommands.num2" "--gtest_also_run_disabled_tests"
Directory: /Users/mreff555/src/BraviaIpCtrl/Bravia IP Control/build
"BraviaCommands.num2" start time: Oct 15 17:36 EDT
Output:
----------------------------------------------------------
Running main() from /Users/mreff555/src/BraviaIpCtrl/Bravia IP Control/build/_deps/googletest-src/googletest/src/gtest_main.cc
Note: Google Test filter = BraviaCommands.num2
[==========] Running 1 test from 1 test suite.
[----------] Global test environment set-up.
[----------] 1 test from BraviaCommands
[ RUN      ] BraviaCommands.num2
[       OK ] BraviaCommands.num2 (0 ms)
[----------] 1 test from BraviaCommands (0 ms total)

[----------] Global test environment tear-down
[==========] 1 test from 1 test suite ran. (0 ms total)
[  PASSED  ] 1 test.
<end of output>
Test time =   0.00 sec
----------------------------------------------------------
Test Passed.
"BraviaCommands.num2" end time: Oct 15 17:36 EDT
"BraviaCommands.num2" time elapsed: 00:00:00
----------------------------------------------------------

18/31 Testing: BraviaCommands.num3
18/31 Test: BraviaCommands.num3
Command: "/Users/mreff555/src/BraviaIpCtrl/Bravia IP Control/build/braviaCommands_test" "--gtest_filter=BraviaCommands.num3" "--gtest_also_run_disabled_tests"
Directory: /Users/mreff555/src/BraviaIpCtrl/Bravia IP Control/build
"BraviaCommands.num3" start time: Oct 15 17:36 EDT
Output:
----------------------------------------------------------
Running main() from /Users/mreff555/src/BraviaIpCtrl/Bravia IP Control/build/_deps/googletest-src/googletest/src/gtest_main.cc
Note: Google Test filter = BraviaCommands.num3
[==========] Running 1 test from 1 test suite.
[----------] Global test environment set-up.
[----------] 1 test from BraviaCommands
[ RUN      ] BraviaCommands.num3
[       OK ] BraviaCommands.num3 (0 ms)
[----------] 1 test from BraviaCommands (0 ms total)

[----------] Global test environment tear-down
[==========] 1 test from 1 test suite ran. (0 ms total)
[  PASSED  ] 1 test.
<end of output>
Test time =   0.00 sec
----------------------------------------------------------
Test Passed.
"BraviaCommands.num3" end time: Oct 15 17:36 EDT
"BraviaCommands.num3" time elapsed: 00:00:00
----------------------------------------------------------

19/31 Testing: BraviaCommands.num4
19/31 Test: BraviaCommands.num4
Command: "/Users/mreff555/src/BraviaIpCtrl/Bravia IP Control/build/braviaCommands_test" "--gtest_filter=BraviaCommands.num4" "--gtest_also_run_disabled_tests"
Directory: /Users/mreff555/src/BraviaIpCtrl/Bravia IP Control/build
"BraviaCommands.num4" start time: Oct 15 17:36 EDT
Output:
----------------------------------------------------------
Running main() from /Users/mreff555/src/BraviaIpCtrl/Bravia IP Control/build/_deps/googletest-src/googletest/src/gtest_main.cc
Note: Google Test filter = BraviaCommands.num4
[==========] Running 1 test from 1 test suite.
[----------] Global test environment set-up.
[----------] 1 test from BraviaCommands
[ RUN      ] BraviaCommands.num4
[       OK ] BraviaCommands.num4 (0 ms)
[----------] 1 test from BraviaCommands (0 ms total)

[----------] Global test environment tear-down
[==========] 1 test from 1 test suite ran. (0 ms total)
[  PASSED  ] 1 test.
<end of output>
Test time =   0.00 sec
----------------------------------------------------------
Test Passed.
"BraviaCommands.num4" end time: Oct 15 17:36 EDT
"BraviaCommands.num4" time elapsed: 00:00:00
----------------------------------------------------------

20/31 Testing: BraviaCommands.num5
20/31 Test: BraviaCommands.num5
Command: "/Users/mreff555/src/BraviaIpCtrl/Bravia IP Control/build/braviaCommands_test" "--gtest_filter=BraviaCommands.num5" "--gtest_also_run_disabled_tests"
Directory: /Users/mreff555/src/BraviaIpCtrl/Bravia IP Control/build
"BraviaCommands.num5" start time: Oct 15 17:36 EDT
Output:
----------------------------------------------------------
Running main() from /Users/mreff555/src/BraviaIpCtrl/Bravia IP Control/build/_deps/googletest-src/googletest/src/gtest_main.cc
Note: Google Test filter = BraviaCommands.num5
[==========] Running 1 test from 1 test suite.
[----------] Global test environment set-up.
[----------] 1 test from BraviaCommands
[ RUN      ] BraviaCommands.num5
[       OK ] BraviaCommands.num5 (0 ms)
[----------] 1 test from BraviaCommands (0 ms total)

[----------] Global test environment tear-down
[==========] 1 test from 1 test suite ran. (0 ms total)
[  PASSED  ] 1 test.
<end of output>
Test time =   0.00 sec
----------------------------------------------------------
Test Passed.
"BraviaCommands.num5" end time: Oct 15 17:36 EDT
"BraviaCommands.num5" time elapsed: 00:00:00
----------------------------------------------------------

21/31 Testing: BraviaCommands.num6
21/31 Test: BraviaCommands.num6
Command: "/Users/mreff555/src/BraviaIpCtrl/Bravia IP Control/build/braviaCommands_test" "--gtest_filter=BraviaCommands.num6" "--gtest_also_run_disabled_tests"
Directory: /Users/mreff555/src/BraviaIpCtrl/Bravia IP Control/build
"BraviaCommands.num6" start time: Oct 15 17:36 EDT
Output:
----------------------------------------------------------
Running main() from /Users/mreff555/src/BraviaIpCtrl/Bravia IP Control/build/_deps/googletest-src/googletest/src/gtest_main.cc
Note: Google Test filter = BraviaCommands.num6
[==========] Running 1 test from 1 test suite.
[----------] Global test environment set-up.
[----------] 1 test from BraviaCommands
[ RUN      ] BraviaCommands.num6
[       OK ] BraviaCommands.num6 (0 ms)
[----------] 1 test from BraviaCommands (0 ms total)

[----------] Global test environment tear-down
[==========] 1 test from 1 test suite ran. (0 ms total)
[  PASSED  ] 1 test.
<end of output>
Test time =   0.00 sec
----------------------------------------------------------
Test Passed.
"BraviaCommands.num6" end time: Oct 15 17:36 EDT
"BraviaCommands.num6" time elapsed: 00:00:00
----------------------------------------------------------

22/31 Testing: BraviaCommands.num7
22/31 Test: BraviaCommands.num7
Command: "/Users/mreff555/src/BraviaIpCtrl/Bravia IP Control/build/braviaCommands_test" "--gtest_filter=BraviaCommands.num7" "--gtest_also_run_disabled_tests"
Directory: /Users/mreff555/src/BraviaIpCtrl/Bravia IP Control/build
"BraviaCommands.num7" start time: Oct 15 17:36 EDT
Output:
----------------------------------------------------------
Running main() from /Users/mreff555/src/BraviaIpCtrl/Bravia IP Control/build/_deps/googletest-src/googletest/src/gtest_main.cc
Note: Google Test filter = BraviaCommands.num7
[==========] Running 1 test from 1 test suite.
[----------] Global test environment set-up.
[----------] 1 test from BraviaCommands
[ RUN      ] BraviaCommands.num7
[       OK ] BraviaCommands.num7 (0 ms)
[----------] 1 test from BraviaCommands (0 ms total)

[----------] Global test environment tear-down
[==========] 1 test from 1 test suite ran. (0 ms total)
[  PASSED  ] 1 test.
<end of output>
Test time =   0.00 sec
----------------------------------------------------------
Test Passed.
"BraviaCommands.num7" end time: Oct 15 17:36 EDT
"BraviaCommands.num7" time elapsed: 00:00:00
----------------------------------------------------------

23/31 Testing: BraviaCommands.num8
23/31 Test: BraviaCommands.num8
Command: "/Users/mreff555/src/BraviaIpCtrl/Bravia IP Control/build/braviaCommands_test" "--gtest_filter=BraviaCommands.num8" "--gtest_also_run_disabled_tests"
Directory: /Users/mreff555/src/BraviaIpCtrl/Bravia IP Control/build
"BraviaCommands.num8" start time: Oct 15 17:36 EDT
Output:
----------------------------------------------------------
Running main() from /Users/mreff555/src/BraviaIpCtrl/Bravia IP Control/build/_deps/googletest-src/googletest/src/gtest_main.cc
Note: Google Test filter = BraviaCommands.num8
[==========] Running 1 test from 1 test suite.
[----------] Global test environment set-up.
[----------] 1 test from BraviaCommands
[ RUN      ] BraviaCommands.num8
[       OK ] BraviaCommands.num8 (0 ms)
[----------] 1 test from BraviaCommands (0 ms total)

[----------] Global test environment tear-down
[==========] 1 test from 1 test suite ran. (0 ms total)
[  PASSED  ] 1 test.
<end of output>
Test time =   0.01 sec
----------------------------------------------------------
Test Passed.
"BraviaCommands.num8" end time: Oct 15 17:36 EDT
"BraviaCommands.num8" time elapsed: 00:00:00
----------------------------------------------------------

24/31 Testing: BraviaCommands.num9
24/31 Test: BraviaCommands.num9
Command: "/Users/mreff555/src/BraviaIpCtrl/Bravia IP Control/build/braviaCommands_test" "--gtest_filter=BraviaCommands.num9" "--gtest_also_run_disabled_tests"
Directory: /Users/mreff555/src/BraviaIpCtrl/Bravia IP Control/build
"BraviaCommands.num9" start time: Oct 15 17:36 EDT
Output:
----------------------------------------------------------
Running main() from /Users/mreff555/src/BraviaIpCtrl/Bravia IP Control/build/_deps/googletest-src/googletest/src/gtest_main.cc
Note: Google Test filter = BraviaCommands.num9
[==========] Running 1 test from 1 test suite.
[----------] Global test environment set-up.
[----------] 1 test from BraviaCommands
[ RUN      ] BraviaCommands.num9
[       OK ] BraviaCommands.num9 (0 ms)
[----------] 1 test from BraviaCommands (0 ms total)

[----------] Global test environment tear-down
[==========] 1 test from 1 test suite ran. (0 ms total)
[  PASSED  ] 1 test.
<end of output>
Test time =   0.00 sec
----------------------------------------------------------
Test Passed.
"BraviaCommands.num9" end time: Oct 15 17:36 EDT
"BraviaCommands.num9" time elapsed: 00:00:00
----------------------------------------------------------

25/31 Testing: BraviaCommands.num0
25/31 Test: BraviaCommands.num0
Command: "/Users/mreff555/src/BraviaIpCtrl/Bravia IP Control/build/braviaCommands_test" "--gtest_filter=BraviaCommands.num0" "--gtest_also_run_disabled_tests"
Directory: /Users/mreff555/src/BraviaIpCtrl/Bravia IP Control/build
"BraviaCommands.num0" start time: Oct 15 17:36 EDT
Output:
----------------------------------------------------------
Running main() from /Users/mreff555/src/BraviaIpCtrl/Bravia IP Control/build/_deps/googletest-src/googletest/src/gtest_main.cc
Note: Google Test filter = BraviaCommands.num0
[==========] Running 1 test from 1 test suite.
[----------] Global test environment set-up.
[----------] 1 test from BraviaCommands
[ RUN      ] BraviaCommands.num0
[       OK ] BraviaCommands.num0 (0 ms)
[----------] 1 test from BraviaCommands (0 ms total)

[----------] Global test environment tear-down
[==========] 1 test from 1 test suite ran. (0 ms total)
[  PASSED  ] 1 test.
<end of output>
Test time =   0.00 sec
----------------------------------------------------------
Test Passed.
"BraviaCommands.num0" end time: Oct 15 17:36 EDT
"BraviaCommands.num0" time elapsed: 00:00:00
----------------------------------------------------------

26/31 Testing: BraviaCommands.hdmi1
26/31 Test: BraviaCommands.hdmi1
Command: "/Users/mreff555/src/BraviaIpCtrl/Bravia IP Control/build/braviaCommands_test" "--gtest_filter=BraviaCommands.hdmi1" "--gtest_also_run_disabled_tests"
Directory: /Users/mreff555/src/BraviaIpCtrl/Bravia IP Control/build
"BraviaCommands.hdmi1" start time: Oct 15 17:36 EDT
Output:
----------------------------------------------------------
Running main() from /Users/mreff555/src/BraviaIpCtrl/Bravia IP Control/build/_deps/googletest-src/googletest/src/gtest_main.cc
Note: Google Test filter = BraviaCommands.hdmi1
[==========] Running 1 test from 1 test suite.
[----------] Global test environment set-up.
[----------] 1 test from BraviaCommands
[ RUN      ] BraviaCommands.hdmi1
[       OK ] BraviaCommands.hdmi1 (0 ms)
[----------] 1 test from BraviaCommands (0 ms total)

[----------] Global test environment tear-down
[==========] 1 test from 1 test suite ran. (0 ms total)
[  PASSED  ] 1 test.
<end of output>
Test time =   0.01 sec
----------------------------------------------------------
Test Passed.
"BraviaCommands.hdmi1" end time: Oct 15 17:36 EDT
"BraviaCommands.hdmi1" time elapsed: 00:00:00
----------------------------------------------------------

27/31 Testing: BraviaCommands.hdmi2
27/31 Test: BraviaCommands.hdmi2
Command: "/Users/mreff555/src/BraviaIpCtrl/Bravia IP Control/build/braviaCommands_test" "--gtest_filter=BraviaCommands.hdmi2" "--gtest_also_run_disabled_tests"
Directory: /Users/mreff555/src/BraviaIpCtrl/Bravia IP Control/build
"BraviaCommands.hdmi2" start time: Oct 15 17:36 EDT
Output:
----------------------------------------------------------
Running main() from /Users/mreff555/src/BraviaIpCtrl/Bravia IP Control/build/_deps/googletest-src/googletest/src/gtest_main.cc
Note: Google Test filter = BraviaCommands.hdmi2
[==========] Running 1 test from 1 test suite.
[----------] Global test environment set-up.
[----------] 1 test from BraviaCommands
[ RUN      ] BraviaCommands.hdmi2
[       OK ] BraviaCommands.hdmi2 (0 ms)
[----------] 1 test from BraviaCommands (0 ms total)

[----------] Global test environment tear-down
[==========] 1 test from 1 test suite ran. (0 ms total)
[  PASSED  ] 1 test.
<end of output>
Test time =   0.00 sec
----------------------------------------------------------
Test Passed.
"BraviaCommands.hdmi2" end time: Oct 15 17:36 EDT
"BraviaCommands.hdmi2" time elapsed: 00:00:00
----------------------------------------------------------

28/31 Testing: BraviaCommands.hdmi3
28/31 Test: BraviaCommands.hdmi3
Command: "/Users/mreff555/src/BraviaIpCtrl/Bravia IP Control/build/braviaCommands_test" "--gtest_filter=BraviaCommands.hdmi3" "--gtest_also_run_disabled_tests"
Directory: /Users/mreff555/src/BraviaIpCtrl/Bravia IP Control/build
"BraviaCommands.hdmi3" start time: Oct 15 17:36 EDT
Output:
----------------------------------------------------------
Running main() from /Users/mreff555/src/BraviaIpCtrl/Bravia IP Control/build/_deps/googletest-src/googletest/src/gtest_main.cc
Note: Google Test filter = BraviaCommands.hdmi3
[==========] Running 1 test from 1 test suite.
[----------] Global test environment set-up.
[----------] 1 test from BraviaCommands
[ RUN      ] BraviaCommands.hdmi3
[       OK ] BraviaCommands.hdmi3 (0 ms)
[----------] 1 test from BraviaCommands (0 ms total)

[----------] Global test environment tear-down
[==========] 1 test from 1 test suite ran. (0 ms total)
[  PASSED  ] 1 test.
<end of output>
Test time =   0.00 sec
----------------------------------------------------------
Test Passed.
"BraviaCommands.hdmi3" end time: Oct 15 17:36 EDT
"BraviaCommands.hdmi3" time elapsed: 00:00:00
----------------------------------------------------------

29/31 Testing: BraviaCommands.hdmi4
29/31 Test: BraviaCommands.hdmi4
Command: "/Users/mreff555/src/BraviaIpCtrl/Bravia IP Control/build/braviaCommands_test" "--gtest_filter=BraviaCommands.hdmi4" "--gtest_also_run_disabled_tests"
Directory: /Users/mreff555/src/BraviaIpCtrl/Bravia IP Control/build
"BraviaCommands.hdmi4" start time: Oct 15 17:36 EDT
Output:
----------------------------------------------------------
Running main() from /Users/mreff555/src/BraviaIpCtrl/Bravia IP Control/build/_deps/googletest-src/googletest/src/gtest_main.cc
Note: Google Test filter = BraviaCommands.hdmi4
[==========] Running 1 test from 1 test suite.
[----------] Global test environment set-up.
[----------] 1 test from BraviaCommands
[ RUN      ] BraviaCommands.hdmi4
[       OK ] BraviaCommands.hdmi4 (0 ms)
[----------] 1 test from BraviaCommands (0 ms total)

[----------] Global test environment tear-down
[==========] 1 test from 1 test suite ran. (0 ms total)
[  PASSED  ] 1 test.
<end of output>
Test time =   0.01 sec
----------------------------------------------------------
Test Passed.
"BraviaCommands.hdmi4" end time: Oct 15 17:36 EDT
"BraviaCommands.hdmi4" time elapsed: 00:00:00
----------------------------------------------------------

30/31 Testing: BraviaCommands.getLastMessage
30/31 Test: BraviaCommands.getLastMessage
Command: "/Users/mreff555/src/BraviaIpCtrl/Bravia IP Control/build/braviaCommands_test" "--gtest_filter=BraviaCommands.getLastMessage" "--gtest_also_run_disabled_tests"
Directory: /Users/mreff555/src/BraviaIpCtrl/Bravia IP Control/build
"BraviaCommands.getLastMessage" start time: Oct 15 17:36 EDT
Output:
----------------------------------------------------------
Running main() from /Users/mreff555/src/BraviaIpCtrl/Bravia IP Control/build/_deps/googletest-src/googletest/src/gtest_main.cc
Note: Google Test filter = BraviaCommands.getLastMessage
[==========] Running 1 test from 1 test suite.
[----------] Global test environment set-up.
[----------] 1 test from BraviaCommands
[ RUN      ] BraviaCommands.getLastMessage
[       OK ] BraviaCommands.getLastMessage (0 ms)
[----------] 1 test from BraviaCommands (0 ms total)

[----------] Global test environment tear-down
[==========] 1 test from 1 test suite ran. (0 ms total)
[  PASSED  ] 1 test.
<end of output>
Test time =   0.00 sec
----------------------------------------------------------
Test Passed.
"BraviaCommands.getLastMessage" end time: Oct 15 17:36 EDT
"BraviaCommands.getLastMessage" time elapsed: 00:00:00
----------------------------------------------------------

31/31 Testing: braviaCommands_test
31/31 Test: braviaCommands_test
Command: "/Users/mreff555/src/BraviaIpCtrl/Bravia IP Control/build/braviaCommands_test"
Directory: /Users/mreff555/src/BraviaIpCtrl/Bravia IP Control/build
"braviaCommands_test" start time: Oct 15 17:36 EDT
Output:
----------------------------------------------------------
Running main() from /Users/mreff555/src/BraviaIpCtrl/Bravia IP Control/build/_deps/googletest-src/googletest/src/gtest_main.cc
[==========] Running 30 tests from 1 test suite.
[----------] Global test environment set-up.
[----------] 30 tests from BraviaCommands
[ RUN      ] BraviaCommands.powerOn
[       OK ] BraviaCommands.powerOn (0 ms)
[ RUN      ] BraviaCommands.powerOff
[       OK ] BraviaCommands.powerOff (0 ms)
[ RUN      ] BraviaCommands.powerStatus
[       OK ] BraviaCommands.powerStatus (0 ms)
[ RUN      ] BraviaCommands.setVolume
[       OK ] BraviaCommands.setVolume (0 ms)
[ RUN      ] BraviaCommands.getVolume
[       OK ] BraviaCommands.getVolume (0 ms)
[ RUN      ] BraviaCommands.setInput
[       OK ] BraviaCommands.setInput (0 ms)
[ RUN      ] BraviaCommands.getInput
[       OK ] BraviaCommands.getInput (0 ms)
[ RUN      ] BraviaCommands.waittest
[       OK ] BraviaCommands.waittest (0 ms)
[ RUN      ] BraviaCommands.display
[       OK ] BraviaCommands.display (0 ms)
[ RUN      ] BraviaCommands.home
[       OK ] BraviaCommands.home (0 ms)
[ RUN      ] BraviaCommands.up
[       OK ] BraviaCommands.up (0 ms)
[ RUN      ] BraviaCommands.down
[       OK ] BraviaCommands.down (0 ms)
[ RUN      ] BraviaCommands.left
[       OK ] BraviaCommands.left (0 ms)
[ RUN      ] BraviaCommands.right
[       OK ] BraviaCommands.right (0 ms)
[ RUN      ] BraviaCommands.confirm
[       OK ] BraviaCommands.confirm (0 ms)
[ RUN      ] BraviaCommands.num1
[       OK ] BraviaCommands.num1 (0 ms)
[ RUN      ] BraviaCommands.num2
[       OK ] BraviaCommands.num2 (0 ms)
[ RUN      ] BraviaCommands.num3
[       OK ] BraviaCommands.num3 (0 ms)
[ RUN      ] BraviaCommands.num4
[       OK ] BraviaCommands.num4 (0 ms)
[ RUN      ] BraviaCommands.num5
[       OK ] BraviaCommands.num5 (0 ms)
[ RUN      ] BraviaCommands.num6
[       OK ] BraviaCommands.num6 (0 ms)
[ RUN      ] BraviaCommands.num7
[       OK ] BraviaCommands.num7 (0 ms)
[ RUN      ] BraviaCommands.num8
[       OK ] BraviaCommands.num8 (0 ms)
[ RUN      ] BraviaCommands.num9
[       OK ] BraviaCommands.num9 (0 ms)
[ RUN      ] BraviaCommands.num0
[       OK ] BraviaCommands.num0 (0 ms)
[ RUN      ] BraviaCommands.hdmi1
[       OK ] BraviaCommands.hdmi1 (0 ms)
[ RUN      ] BraviaCommands.hdmi2
[       OK ] BraviaCommands.hdmi2 (0 ms)
[ RUN      ] BraviaCommands.hdmi3
[       OK ] BraviaCommands.hdmi3 (0 ms)
[ RUN      ] BraviaCommands.hdmi4
[       OK ] BraviaCommands.hdmi4 (0 ms)
[ RUN      ] BraviaCommands.getLastMessage
[       OK ] BraviaCommands.getLastMessage (0 ms)
[----------] 30 tests from BraviaCommands (0 ms total)

[----------] Global test environment tear-down
[==========] 30 tests from 1 test suite ran. (0 ms total)
[  PASSED  ] 30 tests.
<end of output>
Test time =   0.00 sec
----------------------------------------------------------
Test Passed.
"braviaCommands_test" end time: Oct 15 17:36 EDT
"braviaCommands_test" time elapsed: 00:00:00
----------------------------------------------------------

End testing: Oct 15 17:36 EDT
